Memory profiling log for NoisyCircuits with 50 cores parallelization
Filename: /mnt/userdrive/Users/home/adam-ukj7r05xnu2fywx/NoisyCircuits/examples/./profiling.py

Line #    Mem usage    Increment  Occurrences   Line Contents
=============================================================
    13 276.63281 MiB 276.63281 MiB           1   @profile(stream=memory_log, precision=5)
    14                                         def get_noise_model():
    15 357.17578 MiB  80.54297 MiB           1       model = pickle.load(open("../noise_models/Noise_Model_Heron_QPU.pkl", "rb"))
    16 357.17578 MiB   0.00000 MiB           1       return model


Filename: /mnt/userdrive/Users/home/adam-ukj7r05xnu2fywx/NoisyCircuits/examples/./profiling.py

Line #    Mem usage    Increment  Occurrences   Line Contents
=============================================================
    36 404.39453 MiB 404.39453 MiB           1   @profile(stream=memory_log, precision=5)
    37                                         def build_random_circuit(circuit, depth, num_qubits):
    38 404.39453 MiB   0.00000 MiB           1       gate = {
    39 404.39453 MiB   0.00000 MiB           1           "X" : circuit.X,
    40 404.39453 MiB   0.00000 MiB           1           "SX": circuit.SX,
    41                                             }
    42 404.39453 MiB   0.00000 MiB          21       for _ in range(depth):
    43 404.39453 MiB   0.00000 MiB         160           for i in range(num_qubits):
    44 404.39453 MiB   0.00000 MiB         140               choice = np.random.choice(["X", "SX"])
    45 404.39453 MiB   0.00000 MiB         140               gate[choice](i)
    46 404.39453 MiB   0.00000 MiB           7       for i in range(num_qubits-1):
    47 404.39453 MiB   0.00000 MiB           6           circuit.CZ(i, i+1)


Filename: /mnt/userdrive/Users/home/adam-ukj7r05xnu2fywx/NoisyCircuits/examples/./profiling.py

Line #    Mem usage    Increment  Occurrences   Line Contents
=============================================================
    49 404.39453 MiB 404.39453 MiB           1   @profile(stream=memory_log, precision=5)
    50                                         def execute_circuit(circuit, num_qubits, depth, method, trajectories):
    51 404.39453 MiB   0.00000 MiB           1       if method == "density_matrix":
    52                                                 p = circuit.run_with_density_matrix(list(range(num_qubits)))
    53                                             else:
    54 404.39453 MiB   0.00000 MiB           1           p = circuit.execute(list(range(num_qubits)), num_trajectories=trajectories)
    55 404.39453 MiB   0.00000 MiB           1       return p


