Memory profiling log for NoisyCircuits with 10 cores parallelization
Filename: /mnt/userdrive/Users/home/adam-ukj7r05xnu2fywx/NoisyCircuits/examples/profiling.py

Line #    Mem usage    Increment  Occurrences   Line Contents
=============================================================
    12    230.0 MiB    230.0 MiB           1   @profile(stream=memory_log)
    13                                         def get_noise_model():
    14    310.2 MiB     80.3 MiB           1       model = pickle.load(open("../noise_models/Noise_Model_Heron_QPU.pkl", "rb"))
    15    310.2 MiB      0.0 MiB           1       return model



Profiling for 2 qubits:
Filename: /mnt/userdrive/Users/home/adam-ukj7r05xnu2fywx/NoisyCircuits/examples/profiling.py

Line #    Mem usage    Increment  Occurrences   Line Contents
=============================================================
    17    310.2 MiB    310.2 MiB           1   @profile(stream=memory_log)
    18                                         def create_circuit_object(num_qubits,
    19                                                                   noise_model,
    20                                                                   num_cores,
    21                                                                   num_trajectories,
    22                                                                   threshold,
    23                                                                   jsonize,
    24                                                                   verbose):
    25    341.7 MiB     31.5 MiB           2       nqc = QC(num_qubits=num_qubits, 
    26    310.2 MiB      0.0 MiB           1            noise_model=noise_model, 
    27    310.2 MiB      0.0 MiB           1            num_cores=num_cores,
    28    310.2 MiB      0.0 MiB           1            backend_qpu_type="heron", 
    29    310.2 MiB      0.0 MiB           1            num_trajectories=num_trajectories, 
    30    310.2 MiB      0.0 MiB           1            threshold=threshold, 
    31    310.2 MiB      0.0 MiB           1            jsonize=jsonize,
    32    310.2 MiB      0.0 MiB           1            verbose=verbose)
    33    341.7 MiB      0.0 MiB           1       return nqc


Completed profiling for 2 qubits.

Profiling for 3 qubits:
Filename: /mnt/userdrive/Users/home/adam-ukj7r05xnu2fywx/NoisyCircuits/examples/profiling.py

Line #    Mem usage    Increment  Occurrences   Line Contents
=============================================================
    17    342.5 MiB    342.5 MiB           1   @profile(stream=memory_log)
    18                                         def create_circuit_object(num_qubits,
    19                                                                   noise_model,
    20                                                                   num_cores,
    21                                                                   num_trajectories,
    22                                                                   threshold,
    23                                                                   jsonize,
    24                                                                   verbose):
    25    346.2 MiB      3.8 MiB           2       nqc = QC(num_qubits=num_qubits, 
    26    342.5 MiB      0.0 MiB           1            noise_model=noise_model, 
    27    342.5 MiB      0.0 MiB           1            num_cores=num_cores,
    28    342.5 MiB      0.0 MiB           1            backend_qpu_type="heron", 
    29    342.5 MiB      0.0 MiB           1            num_trajectories=num_trajectories, 
    30    342.5 MiB      0.0 MiB           1            threshold=threshold, 
    31    342.5 MiB      0.0 MiB           1            jsonize=jsonize,
    32    342.5 MiB      0.0 MiB           1            verbose=verbose)
    33    346.2 MiB      0.0 MiB           1       return nqc


Completed profiling for 3 qubits.

Profiling for 4 qubits:
Filename: /mnt/userdrive/Users/home/adam-ukj7r05xnu2fywx/NoisyCircuits/examples/profiling.py

Line #    Mem usage    Increment  Occurrences   Line Contents
=============================================================
    17    346.2 MiB    346.2 MiB           1   @profile(stream=memory_log)
    18                                         def create_circuit_object(num_qubits,
    19                                                                   noise_model,
    20                                                                   num_cores,
    21                                                                   num_trajectories,
    22                                                                   threshold,
    23                                                                   jsonize,
    24                                                                   verbose):
    25    348.5 MiB      2.2 MiB           2       nqc = QC(num_qubits=num_qubits, 
    26    346.2 MiB      0.0 MiB           1            noise_model=noise_model, 
    27    346.2 MiB      0.0 MiB           1            num_cores=num_cores,
    28    346.2 MiB      0.0 MiB           1            backend_qpu_type="heron", 
    29    346.2 MiB      0.0 MiB           1            num_trajectories=num_trajectories, 
    30    346.2 MiB      0.0 MiB           1            threshold=threshold, 
    31    346.2 MiB      0.0 MiB           1            jsonize=jsonize,
    32    346.2 MiB      0.0 MiB           1            verbose=verbose)
    33    348.5 MiB      0.0 MiB           1       return nqc


Completed profiling for 4 qubits.

Profiling for 5 qubits:
Filename: /mnt/userdrive/Users/home/adam-ukj7r05xnu2fywx/NoisyCircuits/examples/profiling.py

Line #    Mem usage    Increment  Occurrences   Line Contents
=============================================================
    17    348.5 MiB    348.5 MiB           1   @profile(stream=memory_log)
    18                                         def create_circuit_object(num_qubits,
    19                                                                   noise_model,
    20                                                                   num_cores,
    21                                                                   num_trajectories,
    22                                                                   threshold,
    23                                                                   jsonize,
    24                                                                   verbose):
    25    350.0 MiB      1.5 MiB           2       nqc = QC(num_qubits=num_qubits, 
    26    348.5 MiB      0.0 MiB           1            noise_model=noise_model, 
    27    348.5 MiB      0.0 MiB           1            num_cores=num_cores,
    28    348.5 MiB      0.0 MiB           1            backend_qpu_type="heron", 
    29    348.5 MiB      0.0 MiB           1            num_trajectories=num_trajectories, 
    30    348.5 MiB      0.0 MiB           1            threshold=threshold, 
    31    348.5 MiB      0.0 MiB           1            jsonize=jsonize,
    32    348.5 MiB      0.0 MiB           1            verbose=verbose)
    33    350.0 MiB      0.0 MiB           1       return nqc


Completed profiling for 5 qubits.

Profiling for 6 qubits:
Filename: /mnt/userdrive/Users/home/adam-ukj7r05xnu2fywx/NoisyCircuits/examples/profiling.py

Line #    Mem usage    Increment  Occurrences   Line Contents
=============================================================
    17    349.2 MiB    349.2 MiB           1   @profile(stream=memory_log)
    18                                         def create_circuit_object(num_qubits,
    19                                                                   noise_model,
    20                                                                   num_cores,
    21                                                                   num_trajectories,
    22                                                                   threshold,
    23                                                                   jsonize,
    24                                                                   verbose):
    25    355.8 MiB      6.6 MiB           2       nqc = QC(num_qubits=num_qubits, 
    26    349.2 MiB      0.0 MiB           1            noise_model=noise_model, 
    27    349.2 MiB      0.0 MiB           1            num_cores=num_cores,
    28    349.2 MiB      0.0 MiB           1            backend_qpu_type="heron", 
    29    349.2 MiB      0.0 MiB           1            num_trajectories=num_trajectories, 
    30    349.2 MiB      0.0 MiB           1            threshold=threshold, 
    31    349.2 MiB      0.0 MiB           1            jsonize=jsonize,
    32    349.2 MiB      0.0 MiB           1            verbose=verbose)
    33    355.8 MiB      0.0 MiB           1       return nqc


Completed profiling for 6 qubits.

Profiling for 7 qubits:
Filename: /mnt/userdrive/Users/home/adam-ukj7r05xnu2fywx/NoisyCircuits/examples/profiling.py

Line #    Mem usage    Increment  Occurrences   Line Contents
=============================================================
    17    354.5 MiB    354.5 MiB           1   @profile(stream=memory_log)
    18                                         def create_circuit_object(num_qubits,
    19                                                                   noise_model,
    20                                                                   num_cores,
    21                                                                   num_trajectories,
    22                                                                   threshold,
    23                                                                   jsonize,
    24                                                                   verbose):
    25    363.5 MiB      9.0 MiB           2       nqc = QC(num_qubits=num_qubits, 
    26    354.5 MiB      0.0 MiB           1            noise_model=noise_model, 
    27    354.5 MiB      0.0 MiB           1            num_cores=num_cores,
    28    354.5 MiB      0.0 MiB           1            backend_qpu_type="heron", 
    29    354.5 MiB      0.0 MiB           1            num_trajectories=num_trajectories, 
    30    354.5 MiB      0.0 MiB           1            threshold=threshold, 
    31    354.5 MiB      0.0 MiB           1            jsonize=jsonize,
    32    354.5 MiB      0.0 MiB           1            verbose=verbose)
    33    363.5 MiB      0.0 MiB           1       return nqc


Completed profiling for 7 qubits.

Profiling for 8 qubits:
Filename: /mnt/userdrive/Users/home/adam-ukj7r05xnu2fywx/NoisyCircuits/examples/profiling.py

Line #    Mem usage    Increment  Occurrences   Line Contents
=============================================================
    17    360.5 MiB    360.5 MiB           1   @profile(stream=memory_log)
    18                                         def create_circuit_object(num_qubits,
    19                                                                   noise_model,
    20                                                                   num_cores,
    21                                                                   num_trajectories,
    22                                                                   threshold,
    23                                                                   jsonize,
    24                                                                   verbose):
    25    374.9 MiB     14.5 MiB           2       nqc = QC(num_qubits=num_qubits, 
    26    360.5 MiB      0.0 MiB           1            noise_model=noise_model, 
    27    360.5 MiB      0.0 MiB           1            num_cores=num_cores,
    28    360.5 MiB      0.0 MiB           1            backend_qpu_type="heron", 
    29    360.5 MiB      0.0 MiB           1            num_trajectories=num_trajectories, 
    30    360.5 MiB      0.0 MiB           1            threshold=threshold, 
    31    360.5 MiB      0.0 MiB           1            jsonize=jsonize,
    32    360.5 MiB      0.0 MiB           1            verbose=verbose)
    33    374.9 MiB      0.0 MiB           1       return nqc


Completed profiling for 8 qubits.

Profiling for 9 qubits:
Filename: /mnt/userdrive/Users/home/adam-ukj7r05xnu2fywx/NoisyCircuits/examples/profiling.py

Line #    Mem usage    Increment  Occurrences   Line Contents
=============================================================
    17    367.2 MiB    367.2 MiB           1   @profile(stream=memory_log)
    18                                         def create_circuit_object(num_qubits,
    19                                                                   noise_model,
    20                                                                   num_cores,
    21                                                                   num_trajectories,
    22                                                                   threshold,
    23                                                                   jsonize,
    24                                                                   verbose):
    25    415.1 MiB     47.9 MiB           2       nqc = QC(num_qubits=num_qubits, 
    26    367.2 MiB      0.0 MiB           1            noise_model=noise_model, 
    27    367.2 MiB      0.0 MiB           1            num_cores=num_cores,
    28    367.2 MiB      0.0 MiB           1            backend_qpu_type="heron", 
    29    367.2 MiB      0.0 MiB           1            num_trajectories=num_trajectories, 
    30    367.2 MiB      0.0 MiB           1            threshold=threshold, 
    31    367.2 MiB      0.0 MiB           1            jsonize=jsonize,
    32    367.2 MiB      0.0 MiB           1            verbose=verbose)
    33    415.1 MiB      0.0 MiB           1       return nqc


Completed profiling for 9 qubits.

Profiling for 10 qubits:
Filename: /mnt/userdrive/Users/home/adam-ukj7r05xnu2fywx/NoisyCircuits/examples/profiling.py

Line #    Mem usage    Increment  Occurrences   Line Contents
=============================================================
    17    396.6 MiB    396.6 MiB           1   @profile(stream=memory_log)
    18                                         def create_circuit_object(num_qubits,
    19                                                                   noise_model,
    20                                                                   num_cores,
    21                                                                   num_trajectories,
    22                                                                   threshold,
    23                                                                   jsonize,
    24                                                                   verbose):
    25    491.5 MiB     94.9 MiB           2       nqc = QC(num_qubits=num_qubits, 
    26    396.6 MiB      0.0 MiB           1            noise_model=noise_model, 
    27    396.6 MiB      0.0 MiB           1            num_cores=num_cores,
    28    396.6 MiB      0.0 MiB           1            backend_qpu_type="heron", 
    29    396.6 MiB      0.0 MiB           1            num_trajectories=num_trajectories, 
    30    396.6 MiB      0.0 MiB           1            threshold=threshold, 
    31    396.6 MiB      0.0 MiB           1            jsonize=jsonize,
    32    396.6 MiB      0.0 MiB           1            verbose=verbose)
    33    491.5 MiB      0.0 MiB           1       return nqc


Completed profiling for 10 qubits.
