Memory profiling log for NoisyCircuits with 10 cores parallelization
Filename: /mnt/userdrive/Users/home/adam-ukj7r05xnu2fywx/NoisyCircuits/examples/profiling.py

Line #    Mem usage    Increment  Occurrences   Line Contents
=============================================================
    12    229.9 MiB    229.9 MiB           1   @profile(stream=memory_log)
    13                                         def get_noise_model():
    14    310.1 MiB     80.2 MiB           1       model = pickle.load(open("../noise_models/Noise_Model_Heron_QPU.pkl", "rb"))
    15    310.1 MiB      0.0 MiB           1       return model



Profiling for 2 qubits:
Filename: /mnt/userdrive/Users/home/adam-ukj7r05xnu2fywx/NoisyCircuits/examples/profiling.py

Line #    Mem usage    Increment  Occurrences   Line Contents
=============================================================
    17    310.1 MiB    310.1 MiB           1   @profile(stream=memory_log)
    18                                         def create_circuit_object(num_qubits,
    19                                                                   noise_model,
    20                                                                   num_cores,
    21                                                                   num_trajectories,
    22                                                                   threshold,
    23                                                                   jsonize,
    24                                                                   verbose):
    25    344.6 MiB     34.5 MiB           2       nqc = QC(num_qubits=num_qubits, 
    26    310.1 MiB      0.0 MiB           1            noise_model=noise_model, 
    27    310.1 MiB      0.0 MiB           1            num_cores=num_cores,
    28    310.1 MiB      0.0 MiB           1            backend_qpu_type="heron", 
    29    310.1 MiB      0.0 MiB           1            num_trajectories=num_trajectories, 
    30    310.1 MiB      0.0 MiB           1            threshold=threshold, 
    31    310.1 MiB      0.0 MiB           1            jsonize=jsonize,
    32    310.1 MiB      0.0 MiB           1            verbose=verbose)
    33    344.6 MiB      0.0 MiB           1       return nqc


Completed profiling for 2 qubits.

Profiling for 3 qubits:
Filename: /mnt/userdrive/Users/home/adam-ukj7r05xnu2fywx/NoisyCircuits/examples/profiling.py

Line #    Mem usage    Increment  Occurrences   Line Contents
=============================================================
    17    343.1 MiB    343.1 MiB           1   @profile(stream=memory_log)
    18                                         def create_circuit_object(num_qubits,
    19                                                                   noise_model,
    20                                                                   num_cores,
    21                                                                   num_trajectories,
    22                                                                   threshold,
    23                                                                   jsonize,
    24                                                                   verbose):
    25    352.1 MiB      9.0 MiB           2       nqc = QC(num_qubits=num_qubits, 
    26    343.1 MiB      0.0 MiB           1            noise_model=noise_model, 
    27    343.1 MiB      0.0 MiB           1            num_cores=num_cores,
    28    343.1 MiB      0.0 MiB           1            backend_qpu_type="heron", 
    29    343.1 MiB      0.0 MiB           1            num_trajectories=num_trajectories, 
    30    343.1 MiB      0.0 MiB           1            threshold=threshold, 
    31    343.1 MiB      0.0 MiB           1            jsonize=jsonize,
    32    343.1 MiB      0.0 MiB           1            verbose=verbose)
    33    352.1 MiB      0.0 MiB           1       return nqc


Completed profiling for 3 qubits.

Profiling for 4 qubits:
Filename: /mnt/userdrive/Users/home/adam-ukj7r05xnu2fywx/NoisyCircuits/examples/profiling.py

Line #    Mem usage    Increment  Occurrences   Line Contents
=============================================================
    17    348.3 MiB    348.3 MiB           1   @profile(stream=memory_log)
    18                                         def create_circuit_object(num_qubits,
    19                                                                   noise_model,
    20                                                                   num_cores,
    21                                                                   num_trajectories,
    22                                                                   threshold,
    23                                                                   jsonize,
    24                                                                   verbose):
    25    356.6 MiB      8.2 MiB           2       nqc = QC(num_qubits=num_qubits, 
    26    348.3 MiB      0.0 MiB           1            noise_model=noise_model, 
    27    348.3 MiB      0.0 MiB           1            num_cores=num_cores,
    28    348.3 MiB      0.0 MiB           1            backend_qpu_type="heron", 
    29    348.3 MiB      0.0 MiB           1            num_trajectories=num_trajectories, 
    30    348.3 MiB      0.0 MiB           1            threshold=threshold, 
    31    348.3 MiB      0.0 MiB           1            jsonize=jsonize,
    32    348.3 MiB      0.0 MiB           1            verbose=verbose)
    33    356.6 MiB      0.0 MiB           1       return nqc


Completed profiling for 4 qubits.

Profiling for 5 qubits:
Filename: /mnt/userdrive/Users/home/adam-ukj7r05xnu2fywx/NoisyCircuits/examples/profiling.py

Line #    Mem usage    Increment  Occurrences   Line Contents
=============================================================
    17    350.6 MiB    350.6 MiB           1   @profile(stream=memory_log)
    18                                         def create_circuit_object(num_qubits,
    19                                                                   noise_model,
    20                                                                   num_cores,
    21                                                                   num_trajectories,
    22                                                                   threshold,
    23                                                                   jsonize,
    24                                                                   verbose):
    25    363.3 MiB     12.8 MiB           2       nqc = QC(num_qubits=num_qubits, 
    26    350.6 MiB      0.0 MiB           1            noise_model=noise_model, 
    27    350.6 MiB      0.0 MiB           1            num_cores=num_cores,
    28    350.6 MiB      0.0 MiB           1            backend_qpu_type="heron", 
    29    350.6 MiB      0.0 MiB           1            num_trajectories=num_trajectories, 
    30    350.6 MiB      0.0 MiB           1            threshold=threshold, 
    31    350.6 MiB      0.0 MiB           1            jsonize=jsonize,
    32    350.6 MiB      0.0 MiB           1            verbose=verbose)
    33    363.3 MiB      0.0 MiB           1       return nqc


Completed profiling for 5 qubits.

Profiling for 6 qubits:
Filename: /mnt/userdrive/Users/home/adam-ukj7r05xnu2fywx/NoisyCircuits/examples/profiling.py

Line #    Mem usage    Increment  Occurrences   Line Contents
=============================================================
    17    352.1 MiB    352.1 MiB           1   @profile(stream=memory_log)
    18                                         def create_circuit_object(num_qubits,
    19                                                                   noise_model,
    20                                                                   num_cores,
    21                                                                   num_trajectories,
    22                                                                   threshold,
    23                                                                   jsonize,
    24                                                                   verbose):
    25    378.6 MiB     26.5 MiB           2       nqc = QC(num_qubits=num_qubits, 
    26    352.1 MiB      0.0 MiB           1            noise_model=noise_model, 
    27    352.1 MiB      0.0 MiB           1            num_cores=num_cores,
    28    352.1 MiB      0.0 MiB           1            backend_qpu_type="heron", 
    29    352.1 MiB      0.0 MiB           1            num_trajectories=num_trajectories, 
    30    352.1 MiB      0.0 MiB           1            threshold=threshold, 
    31    352.1 MiB      0.0 MiB           1            jsonize=jsonize,
    32    352.1 MiB      0.0 MiB           1            verbose=verbose)
    33    378.6 MiB      0.0 MiB           1       return nqc


Completed profiling for 6 qubits.

Profiling for 7 qubits:
Filename: /mnt/userdrive/Users/home/adam-ukj7r05xnu2fywx/NoisyCircuits/examples/profiling.py

Line #    Mem usage    Increment  Occurrences   Line Contents
=============================================================
    17    358.0 MiB    358.0 MiB           1   @profile(stream=memory_log)
    18                                         def create_circuit_object(num_qubits,
    19                                                                   noise_model,
    20                                                                   num_cores,
    21                                                                   num_trajectories,
    22                                                                   threshold,
    23                                                                   jsonize,
    24                                                                   verbose):
    25    408.2 MiB     50.2 MiB           2       nqc = QC(num_qubits=num_qubits, 
    26    358.0 MiB      0.0 MiB           1            noise_model=noise_model, 
    27    358.0 MiB      0.0 MiB           1            num_cores=num_cores,
    28    358.0 MiB      0.0 MiB           1            backend_qpu_type="heron", 
    29    358.0 MiB      0.0 MiB           1            num_trajectories=num_trajectories, 
    30    358.0 MiB      0.0 MiB           1            threshold=threshold, 
    31    358.0 MiB      0.0 MiB           1            jsonize=jsonize,
    32    358.0 MiB      0.0 MiB           1            verbose=verbose)
    33    408.2 MiB      0.0 MiB           1       return nqc


Completed profiling for 7 qubits.

Profiling for 8 qubits:
Filename: /mnt/userdrive/Users/home/adam-ukj7r05xnu2fywx/NoisyCircuits/examples/profiling.py

Line #    Mem usage    Increment  Occurrences   Line Contents
=============================================================
    17    364.8 MiB    364.8 MiB           1   @profile(stream=memory_log)
    18                                         def create_circuit_object(num_qubits,
    19                                                                   noise_model,
    20                                                                   num_cores,
    21                                                                   num_trajectories,
    22                                                                   threshold,
    23                                                                   jsonize,
    24                                                                   verbose):
    25    466.8 MiB    101.9 MiB           2       nqc = QC(num_qubits=num_qubits, 
    26    364.8 MiB      0.0 MiB           1            noise_model=noise_model, 
    27    364.8 MiB      0.0 MiB           1            num_cores=num_cores,
    28    364.8 MiB      0.0 MiB           1            backend_qpu_type="heron", 
    29    364.8 MiB      0.0 MiB           1            num_trajectories=num_trajectories, 
    30    364.8 MiB      0.0 MiB           1            threshold=threshold, 
    31    364.8 MiB      0.0 MiB           1            jsonize=jsonize,
    32    364.8 MiB      0.0 MiB           1            verbose=verbose)
    33    466.8 MiB      0.0 MiB           1       return nqc


Completed profiling for 8 qubits.

Profiling for 9 qubits:
Filename: /mnt/userdrive/Users/home/adam-ukj7r05xnu2fywx/NoisyCircuits/examples/profiling.py

Line #    Mem usage    Increment  Occurrences   Line Contents
=============================================================
    17    374.6 MiB    374.6 MiB           1   @profile(stream=memory_log)
    18                                         def create_circuit_object(num_qubits,
    19                                                                   noise_model,
    20                                                                   num_cores,
    21                                                                   num_trajectories,
    22                                                                   threshold,
    23                                                                   jsonize,
    24                                                                   verbose):
    25    603.6 MiB    229.0 MiB           2       nqc = QC(num_qubits=num_qubits, 
    26    374.6 MiB      0.0 MiB           1            noise_model=noise_model, 
    27    374.6 MiB      0.0 MiB           1            num_cores=num_cores,
    28    374.6 MiB      0.0 MiB           1            backend_qpu_type="heron", 
    29    374.6 MiB      0.0 MiB           1            num_trajectories=num_trajectories, 
    30    374.6 MiB      0.0 MiB           1            threshold=threshold, 
    31    374.6 MiB      0.0 MiB           1            jsonize=jsonize,
    32    374.6 MiB      0.0 MiB           1            verbose=verbose)
    33    603.6 MiB      0.0 MiB           1       return nqc


Completed profiling for 9 qubits.

Profiling for 10 qubits:
Filename: /mnt/userdrive/Users/home/adam-ukj7r05xnu2fywx/NoisyCircuits/examples/profiling.py

Line #    Mem usage    Increment  Occurrences   Line Contents
=============================================================
    17    402.7 MiB    402.7 MiB           1   @profile(stream=memory_log)
    18                                         def create_circuit_object(num_qubits,
    19                                                                   noise_model,
    20                                                                   num_cores,
    21                                                                   num_trajectories,
    22                                                                   threshold,
    23                                                                   jsonize,
    24                                                                   verbose):
    25    874.0 MiB    471.3 MiB           2       nqc = QC(num_qubits=num_qubits, 
    26    402.7 MiB      0.0 MiB           1            noise_model=noise_model, 
    27    402.7 MiB      0.0 MiB           1            num_cores=num_cores,
    28    402.7 MiB      0.0 MiB           1            backend_qpu_type="heron", 
    29    402.7 MiB      0.0 MiB           1            num_trajectories=num_trajectories, 
    30    402.7 MiB      0.0 MiB           1            threshold=threshold, 
    31    402.7 MiB      0.0 MiB           1            jsonize=jsonize,
    32    402.7 MiB      0.0 MiB           1            verbose=verbose)
    33    874.0 MiB      0.0 MiB           1       return nqc


Completed profiling for 10 qubits.
