Filename: /mnt/userdrive/Users/home/adam-ukj7r05xnu2fywx/NoisyCircuits/examples/profiling.py

Line #    Mem usage    Increment  Occurrences   Line Contents
=============================================================
    10    229.9 MiB    229.9 MiB           1   @profile(stream=memory_log)
    11                                         def get_noise_model():
    12    310.1 MiB     80.2 MiB           1       model = pickle.load(open("../noise_models/Noise_Model_Heron_QPU.pkl", "rb"))
    13    310.1 MiB      0.0 MiB           1       return model



Profiling for 2 qubits:
Filename: /mnt/userdrive/Users/home/adam-ukj7r05xnu2fywx/NoisyCircuits/examples/profiling.py

Line #    Mem usage    Increment  Occurrences   Line Contents
=============================================================
    15    310.1 MiB    310.1 MiB           1   @profile(stream=memory_log)
    16                                         def create_circuit_object(num_qubits,
    17                                                                   noise_model,
    18                                                                   num_cores,
    19                                                                   num_trajectories,
    20                                                                   threshold,
    21                                                                   jsonize,
    22                                                                   verbose):
    23    343.1 MiB     33.0 MiB           2       nqc = QC(num_qubits=num_qubits, 
    24    310.1 MiB      0.0 MiB           1            noise_model=noise_model, 
    25    310.1 MiB      0.0 MiB           1            num_cores=num_cores,
    26    310.1 MiB      0.0 MiB           1            backend_qpu_type="heron", 
    27    310.1 MiB      0.0 MiB           1            num_trajectories=num_trajectories, 
    28    310.1 MiB      0.0 MiB           1            threshold=threshold, 
    29    310.1 MiB      0.0 MiB           1            jsonize=jsonize,
    30    310.1 MiB      0.0 MiB           1            verbose=verbose)
    31    343.1 MiB      0.0 MiB           1       return nqc


Completed profiling for 2 qubits.

Profiling for 3 qubits:
Filename: /mnt/userdrive/Users/home/adam-ukj7r05xnu2fywx/NoisyCircuits/examples/profiling.py

Line #    Mem usage    Increment  Occurrences   Line Contents
=============================================================
    15    343.1 MiB    343.1 MiB           1   @profile(stream=memory_log)
    16                                         def create_circuit_object(num_qubits,
    17                                                                   noise_model,
    18                                                                   num_cores,
    19                                                                   num_trajectories,
    20                                                                   threshold,
    21                                                                   jsonize,
    22                                                                   verbose):
    23    347.6 MiB      4.5 MiB           2       nqc = QC(num_qubits=num_qubits, 
    24    343.1 MiB      0.0 MiB           1            noise_model=noise_model, 
    25    343.1 MiB      0.0 MiB           1            num_cores=num_cores,
    26    343.1 MiB      0.0 MiB           1            backend_qpu_type="heron", 
    27    343.1 MiB      0.0 MiB           1            num_trajectories=num_trajectories, 
    28    343.1 MiB      0.0 MiB           1            threshold=threshold, 
    29    343.1 MiB      0.0 MiB           1            jsonize=jsonize,
    30    343.1 MiB      0.0 MiB           1            verbose=verbose)
    31    347.6 MiB      0.0 MiB           1       return nqc


Completed profiling for 3 qubits.

Profiling for 4 qubits:
Filename: /mnt/userdrive/Users/home/adam-ukj7r05xnu2fywx/NoisyCircuits/examples/profiling.py

Line #    Mem usage    Increment  Occurrences   Line Contents
=============================================================
    15    347.6 MiB    347.6 MiB           1   @profile(stream=memory_log)
    16                                         def create_circuit_object(num_qubits,
    17                                                                   noise_model,
    18                                                                   num_cores,
    19                                                                   num_trajectories,
    20                                                                   threshold,
    21                                                                   jsonize,
    22                                                                   verbose):
    23    350.6 MiB      3.0 MiB           2       nqc = QC(num_qubits=num_qubits, 
    24    347.6 MiB      0.0 MiB           1            noise_model=noise_model, 
    25    347.6 MiB      0.0 MiB           1            num_cores=num_cores,
    26    347.6 MiB      0.0 MiB           1            backend_qpu_type="heron", 
    27    347.6 MiB      0.0 MiB           1            num_trajectories=num_trajectories, 
    28    347.6 MiB      0.0 MiB           1            threshold=threshold, 
    29    347.6 MiB      0.0 MiB           1            jsonize=jsonize,
    30    347.6 MiB      0.0 MiB           1            verbose=verbose)
    31    350.6 MiB      0.0 MiB           1       return nqc


Completed profiling for 4 qubits.

Profiling for 5 qubits:
Filename: /mnt/userdrive/Users/home/adam-ukj7r05xnu2fywx/NoisyCircuits/examples/profiling.py

Line #    Mem usage    Increment  Occurrences   Line Contents
=============================================================
    15    350.6 MiB    350.6 MiB           1   @profile(stream=memory_log)
    16                                         def create_circuit_object(num_qubits,
    17                                                                   noise_model,
    18                                                                   num_cores,
    19                                                                   num_trajectories,
    20                                                                   threshold,
    21                                                                   jsonize,
    22                                                                   verbose):
    23    352.8 MiB      2.2 MiB           2       nqc = QC(num_qubits=num_qubits, 
    24    350.6 MiB      0.0 MiB           1            noise_model=noise_model, 
    25    350.6 MiB      0.0 MiB           1            num_cores=num_cores,
    26    350.6 MiB      0.0 MiB           1            backend_qpu_type="heron", 
    27    350.6 MiB      0.0 MiB           1            num_trajectories=num_trajectories, 
    28    350.6 MiB      0.0 MiB           1            threshold=threshold, 
    29    350.6 MiB      0.0 MiB           1            jsonize=jsonize,
    30    350.6 MiB      0.0 MiB           1            verbose=verbose)
    31    352.8 MiB      0.0 MiB           1       return nqc


Completed profiling for 5 qubits.

Profiling for 6 qubits:
Filename: /mnt/userdrive/Users/home/adam-ukj7r05xnu2fywx/NoisyCircuits/examples/profiling.py

Line #    Mem usage    Increment  Occurrences   Line Contents
=============================================================
    15    352.0 MiB    352.0 MiB           1   @profile(stream=memory_log)
    16                                         def create_circuit_object(num_qubits,
    17                                                                   noise_model,
    18                                                                   num_cores,
    19                                                                   num_trajectories,
    20                                                                   threshold,
    21                                                                   jsonize,
    22                                                                   verbose):
    23    360.2 MiB      8.2 MiB           2       nqc = QC(num_qubits=num_qubits, 
    24    352.0 MiB      0.0 MiB           1            noise_model=noise_model, 
    25    352.0 MiB      0.0 MiB           1            num_cores=num_cores,
    26    352.0 MiB      0.0 MiB           1            backend_qpu_type="heron", 
    27    352.0 MiB      0.0 MiB           1            num_trajectories=num_trajectories, 
    28    352.0 MiB      0.0 MiB           1            threshold=threshold, 
    29    352.0 MiB      0.0 MiB           1            jsonize=jsonize,
    30    352.0 MiB      0.0 MiB           1            verbose=verbose)
    31    360.2 MiB      0.0 MiB           1       return nqc


Completed profiling for 6 qubits.

Profiling for 7 qubits:
Filename: /mnt/userdrive/Users/home/adam-ukj7r05xnu2fywx/NoisyCircuits/examples/profiling.py

Line #    Mem usage    Increment  Occurrences   Line Contents
=============================================================
    15    358.1 MiB    358.1 MiB           1   @profile(stream=memory_log)
    16                                         def create_circuit_object(num_qubits,
    17                                                                   noise_model,
    18                                                                   num_cores,
    19                                                                   num_trajectories,
    20                                                                   threshold,
    21                                                                   jsonize,
    22                                                                   verbose):
    23    368.6 MiB     10.5 MiB           2       nqc = QC(num_qubits=num_qubits, 
    24    358.1 MiB      0.0 MiB           1            noise_model=noise_model, 
    25    358.1 MiB      0.0 MiB           1            num_cores=num_cores,
    26    358.1 MiB      0.0 MiB           1            backend_qpu_type="heron", 
    27    358.1 MiB      0.0 MiB           1            num_trajectories=num_trajectories, 
    28    358.1 MiB      0.0 MiB           1            threshold=threshold, 
    29    358.1 MiB      0.0 MiB           1            jsonize=jsonize,
    30    358.1 MiB      0.0 MiB           1            verbose=verbose)
    31    368.6 MiB      0.0 MiB           1       return nqc


Completed profiling for 7 qubits.

Profiling for 8 qubits:
Filename: /mnt/userdrive/Users/home/adam-ukj7r05xnu2fywx/NoisyCircuits/examples/profiling.py

Line #    Mem usage    Increment  Occurrences   Line Contents
=============================================================
    15    364.5 MiB    364.5 MiB           1   @profile(stream=memory_log)
    16                                         def create_circuit_object(num_qubits,
    17                                                                   noise_model,
    18                                                                   num_cores,
    19                                                                   num_trajectories,
    20                                                                   threshold,
    21                                                                   jsonize,
    22                                                                   verbose):
    23    381.0 MiB     16.5 MiB           2       nqc = QC(num_qubits=num_qubits, 
    24    364.5 MiB      0.0 MiB           1            noise_model=noise_model, 
    25    364.5 MiB      0.0 MiB           1            num_cores=num_cores,
    26    364.5 MiB      0.0 MiB           1            backend_qpu_type="heron", 
    27    364.5 MiB      0.0 MiB           1            num_trajectories=num_trajectories, 
    28    364.5 MiB      0.0 MiB           1            threshold=threshold, 
    29    364.5 MiB      0.0 MiB           1            jsonize=jsonize,
    30    364.5 MiB      0.0 MiB           1            verbose=verbose)
    31    381.0 MiB      0.0 MiB           1       return nqc


Completed profiling for 8 qubits.

Profiling for 9 qubits:
Filename: /mnt/userdrive/Users/home/adam-ukj7r05xnu2fywx/NoisyCircuits/examples/profiling.py

Line #    Mem usage    Increment  Occurrences   Line Contents
=============================================================
    15    372.3 MiB    372.3 MiB           1   @profile(stream=memory_log)
    16                                         def create_circuit_object(num_qubits,
    17                                                                   noise_model,
    18                                                                   num_cores,
    19                                                                   num_trajectories,
    20                                                                   threshold,
    21                                                                   jsonize,
    22                                                                   verbose):
    23    420.2 MiB     47.8 MiB           2       nqc = QC(num_qubits=num_qubits, 
    24    372.3 MiB      0.0 MiB           1            noise_model=noise_model, 
    25    372.3 MiB      0.0 MiB           1            num_cores=num_cores,
    26    372.3 MiB      0.0 MiB           1            backend_qpu_type="heron", 
    27    372.3 MiB      0.0 MiB           1            num_trajectories=num_trajectories, 
    28    372.3 MiB      0.0 MiB           1            threshold=threshold, 
    29    372.3 MiB      0.0 MiB           1            jsonize=jsonize,
    30    372.3 MiB      0.0 MiB           1            verbose=verbose)
    31    420.2 MiB      0.0 MiB           1       return nqc


Completed profiling for 9 qubits.

Profiling for 10 qubits:
Filename: /mnt/userdrive/Users/home/adam-ukj7r05xnu2fywx/NoisyCircuits/examples/profiling.py

Line #    Mem usage    Increment  Occurrences   Line Contents
=============================================================
    15    400.1 MiB    400.1 MiB           1   @profile(stream=memory_log)
    16                                         def create_circuit_object(num_qubits,
    17                                                                   noise_model,
    18                                                                   num_cores,
    19                                                                   num_trajectories,
    20                                                                   threshold,
    21                                                                   jsonize,
    22                                                                   verbose):
    23    478.8 MiB     78.7 MiB           2       nqc = QC(num_qubits=num_qubits, 
    24    400.1 MiB      0.0 MiB           1            noise_model=noise_model, 
    25    400.1 MiB      0.0 MiB           1            num_cores=num_cores,
    26    400.1 MiB      0.0 MiB           1            backend_qpu_type="heron", 
    27    400.1 MiB      0.0 MiB           1            num_trajectories=num_trajectories, 
    28    400.1 MiB      0.0 MiB           1            threshold=threshold, 
    29    400.1 MiB      0.0 MiB           1            jsonize=jsonize,
    30    400.1 MiB      0.0 MiB           1            verbose=verbose)
    31    478.8 MiB      0.0 MiB           1       return nqc


Completed profiling for 10 qubits.
