Used 20 qubits for fidelity test.
Fidelity with Pennylane default.qubit: 1.000000
Fidelity with Pennylane lightning.qubit: 1.000000
--------------------------------------------------------------------------------
Completed 1 qubits.
Pennylane (default.qubit): 0.0016957523632983793 +/- 1.527135241063506e-05 seconds
Pennylane (lightning.qubit): 0.0011302991661068518 +/- 8.092585211583872e-06 seconds
Bit Manipulation: 5.184231710445602e-05 +/- 3.075619140778138e-07 seconds
----------------------------------------
Completed 2 qubits.
Pennylane (default.qubit): 0.0049847358831000745 +/- 5.848897250747807e-06 seconds
Pennylane (lightning.qubit): 0.0023455391444862474 +/- 4.3696353802983695e-06 seconds
Bit Manipulation: 0.0002106845959016937 +/- 5.321641360311479e-07 seconds
----------------------------------------
Completed 3 qubits.
Pennylane (default.qubit): 0.007915609009296167 +/- 7.348906829382464e-06 seconds
Pennylane (lightning.qubit): 0.003414315377805906 +/- 3.214848842640742e-06 seconds
Bit Manipulation: 0.00035981773759558564 +/- 7.075227690343374e-07 seconds
----------------------------------------
Completed 4 qubits.
Pennylane (default.qubit): 0.010928890706998937 +/- 1.837736659544271e-05 seconds
Pennylane (lightning.qubit): 0.004483604580297833 +/- 4.095324000428224e-06 seconds
Bit Manipulation: 0.0005147453493947979 +/- 6.484314080681892e-07 seconds
----------------------------------------
Completed 5 qubits.
Pennylane (default.qubit): 0.013817674625608196 +/- 7.490593541094857e-06 seconds
Pennylane (lightning.qubit): 0.0055079009950030015 +/- 6.201928021125001e-06 seconds
Bit Manipulation: 0.0006755081554045318 +/- 7.864082638134306e-07 seconds
----------------------------------------
Completed 6 qubits.
Pennylane (default.qubit): 0.016923129020103077 +/- 6.225249720835716e-06 seconds
Pennylane (lightning.qubit): 0.00651796881340415 +/- 4.497150751242377e-06 seconds
Bit Manipulation: 0.0008727247518938385 +/- 3.0444491500947625e-06 seconds
----------------------------------------
Completed 7 qubits.
Pennylane (default.qubit): 0.019980057747602406 +/- 1.7267050241827997e-05 seconds
Pennylane (lightning.qubit): 0.007542599808801605 +/- 4.863844319284202e-06 seconds
Bit Manipulation: 0.0011010638401145116 +/- 2.048961298182365e-06 seconds
----------------------------------------
Completed 8 qubits.
Pennylane (default.qubit): 0.023580189205407803 +/- 9.176918844889435e-06 seconds
Pennylane (lightning.qubit): 0.008532289777812549 +/- 4.150334940811462e-06 seconds
Bit Manipulation: 0.0014150272396000218 +/- 9.251059374717709e-07 seconds
----------------------------------------
Completed 9 qubits.
Pennylane (default.qubit): 0.027449172519902643 +/- 1.0253802273953781e-05 seconds
Pennylane (lightning.qubit): 0.009617991985914705 +/- 7.363673923339395e-06 seconds
Bit Manipulation: 0.0019749940893030726 +/- 3.1533879876365964e-06 seconds
----------------------------------------
Completed 10 qubits.
Pennylane (default.qubit): 0.032873765598592584 +/- 9.722079289786813e-06 seconds
Pennylane (lightning.qubit): 0.01064992724099575 +/- 7.232077995842292e-06 seconds
Bit Manipulation: 0.002974091193400091 +/- 2.563675259813174e-06 seconds
----------------------------------------
Completed 11 qubits.
Pennylane (default.qubit): 0.04027940952950157 +/- 1.3475494086304697e-05 seconds
Pennylane (lightning.qubit): 0.011791556035996473 +/- 1.1294123257917115e-05 seconds
Bit Manipulation: 0.005027237375204277 +/- 3.0031705728759734e-05 seconds
----------------------------------------
Completed 12 qubits.
Pennylane (default.qubit): 0.0533744915925985 +/- 3.3781470105187844e-05 seconds
Pennylane (lightning.qubit): 0.01293755274661089 +/- 9.608455320366829e-06 seconds
Bit Manipulation: 0.009288964014302473 +/- 5.240429216432757e-06 seconds
----------------------------------------
Completed 13 qubits.
Pennylane (default.qubit): 0.06632730945049989 +/- 2.551822339273359e-05 seconds
Pennylane (lightning.qubit): 0.014395040096204322 +/- 8.811903676831229e-06 seconds
Bit Manipulation: 0.018482121536703196 +/- 1.5529393781539904e-05 seconds
----------------------------------------
Completed 14 qubits.
Pennylane (default.qubit): 0.08128050061960529 +/- 2.0032323399905946e-05 seconds
Pennylane (lightning.qubit): 0.016319272258902492 +/- 4.438746243296827e-05 seconds
Bit Manipulation: 0.03830851690179843 +/- 2.542693184876129e-05 seconds
----------------------------------------
Completed 15 qubits.
Pennylane (default.qubit): 0.1120739326214927 +/- 3.960228955007282e-05 seconds
Pennylane (lightning.qubit): 0.01928474022090377 +/- 1.0630139243134523e-05 seconds
Bit Manipulation: 0.08097882756880281 +/- 0.0011246878015683161 seconds
----------------------------------------
Completed 16 qubits.
Pennylane (default.qubit): 0.2173428631398987 +/- 0.00866158266291816 seconds
Pennylane (lightning.qubit): 0.024131692082095833 +/- 1.4671040954146843e-05 seconds
Bit Manipulation: 0.18138315657840284 +/- 0.00436228051617264 seconds
----------------------------------------
Completed 17 qubits.
Pennylane (default.qubit): 0.4410114275851956 +/- 0.0069166752819051006 seconds
Pennylane (lightning.qubit): 0.039579390241598594 +/- 0.0003185925486640157 seconds
Bit Manipulation: 0.42727361362919763 +/- 0.02469468935389246 seconds
----------------------------------------
Completed 18 qubits.
Pennylane (default.qubit): 0.8552717474372868 +/- 0.07170476909043746 seconds
Pennylane (lightning.qubit): 0.0874677273865178 +/- 5.582369129202916e-05 seconds
Bit Manipulation: 0.8661812783980917 +/- 0.00018976500165916884 seconds
----------------------------------------
Completed 19 qubits.
Pennylane (default.qubit): 1.6964348959623021 +/- 0.010647469704884028 seconds
Pennylane (lightning.qubit): 0.1677699201564188 +/- 1.5363632180034485e-05 seconds
Bit Manipulation: 1.8629719955387 +/- 0.000527592344919739 seconds
----------------------------------------
Completed 20 qubits.
Pennylane (default.qubit): 4.294887418661907 +/- 0.05827463310045394 seconds
Pennylane (lightning.qubit): 0.32816557591470485 +/- 9.207149096398429e-05 seconds
Bit Manipulation: 3.7782192468612834 +/- 0.002785775608717364 seconds
----------------------------------------
