Used 22 qubits for fidelity test.
Fidelity with Pennylane default.qubit: 1.000000
Fidelity with Pennylane lightning.qubit: 1.000000
Fidelity of C++ implementation against Pennylane: 1.000000
--------------------------------------------------------------------------------
Completed 1 qubits.
Pennylane (default.qubit): 0.001804800200043246 +/- 6.807504256265109e-05 seconds
Pennylane (lightning.qubit): 0.001221733119455166 +/- 4.419841906117048e-05 seconds
Bit Manipulation: 5.625039921142161e-05 +/- 4.125971324228911e-06 seconds
C++: 1.3205601135268807e-06 +/- 9.51726185103884e-07 seconds
----------------------------------------
Completed 2 qubits.
Pennylane (default.qubit): 0.005030567839276046 +/- 7.853885850141673e-06 seconds
Pennylane (lightning.qubit): 0.0023981623200234024 +/- 8.022739251071345e-06 seconds
Bit Manipulation: 0.00021821916045155376 +/- 5.597944380899869e-06 seconds
C++: 1.275239628739655e-06 +/- 5.672384251126448e-07 seconds
----------------------------------------
Completed 3 qubits.
Pennylane (default.qubit): 0.007930084159597754 +/- 1.6806824030603933e-05 seconds
Pennylane (lightning.qubit): 0.003473049599560909 +/- 4.24477103095079e-05 seconds
Bit Manipulation: 0.00036132212029770015 +/- 4.400960014367498e-06 seconds
C++: 1.8039596034213901e-06 +/- 6.144136759108337e-07 seconds
----------------------------------------
Completed 4 qubits.
Pennylane (default.qubit): 0.010864312800113112 +/- 1.634114135192872e-05 seconds
Pennylane (lightning.qubit): 0.004526112239691429 +/- 1.524838820841095e-05 seconds
Bit Manipulation: 0.0005101440002908931 +/- 5.150008357324224e-06 seconds
C++: 2.5802006712183353e-06 +/- 6.522807613924219e-07 seconds
----------------------------------------
Completed 5 qubits.
Pennylane (default.qubit): 0.013820241439389064 +/- 9.442665701225498e-05 seconds
Pennylane (lightning.qubit): 0.005540698199765757 +/- 1.526953018610634e-05 seconds
Bit Manipulation: 0.0006661007599905133 +/- 5.556743313367849e-06 seconds
C++: 4.123719991184771e-06 +/- 7.03388327178073e-07 seconds
----------------------------------------
Completed 6 qubits.
Pennylane (default.qubit): 0.01681487315916456 +/- 2.4335914119622042e-05 seconds
Pennylane (lightning.qubit): 0.006580688198446297 +/- 1.226695559026294e-05 seconds
Bit Manipulation: 0.0008605348801938816 +/- 6.970594844826676e-06 seconds
C++: 7.377999718300998e-06 +/- 6.716764438545163e-07 seconds
----------------------------------------
Completed 7 qubits.
Pennylane (default.qubit): 0.020009021439473147 +/- 3.2237213763102776e-05 seconds
Pennylane (lightning.qubit): 0.007599291919614189 +/- 1.4179214187376815e-05 seconds
Bit Manipulation: 0.0010875375603791326 +/- 5.170575999007139e-06 seconds
C++: 1.3486521202139557e-05 +/- 8.858510792882697e-07 seconds
----------------------------------------
Completed 8 qubits.
Pennylane (default.qubit): 0.023502492720726877 +/- 3.009572195193224e-06 seconds
Pennylane (lightning.qubit): 0.008633863080758601 +/- 2.851560226507748e-05 seconds
Bit Manipulation: 0.0014136266004061327 +/- 5.905308093002686e-06 seconds
C++: 2.531811944209039e-05 +/- 1.0240623856549944e-06 seconds
----------------------------------------
Completed 9 qubits.
Pennylane (default.qubit): 0.027550226679304613 +/- 1.854352622448932e-05 seconds
Pennylane (lightning.qubit): 0.009664497479679995 +/- 2.2695698767535823e-05 seconds
Bit Manipulation: 0.001956790720578283 +/- 9.902610807952514e-06 seconds
C++: 5.1052360213361673e-05 +/- 1.2853783512642727e-06 seconds
----------------------------------------
Completed 10 qubits.
Pennylane (default.qubit): 0.03282746787939687 +/- 1.2455481857975592e-05 seconds
Pennylane (lightning.qubit): 0.010746757161105052 +/- 2.3075741106157798e-05 seconds
Bit Manipulation: 0.0029804370406782254 +/- 4.86664571732133e-06 seconds
C++: 0.00010428231908008457 +/- 1.840148185973936e-06 seconds
----------------------------------------
Completed 11 qubits.
Pennylane (default.qubit): 0.0405583463201765 +/- 1.6324061344129817e-05 seconds
Pennylane (lightning.qubit): 0.011857075039879419 +/- 1.561771154849866e-05 seconds
Bit Manipulation: 0.00502547616022639 +/- 7.67460830816522e-06 seconds
C++: 0.00022174952027853578 +/- 1.1225479226396929e-06 seconds
----------------------------------------
Completed 12 qubits.
Pennylane (default.qubit): 0.05349915156024508 +/- 3.3006113183365426e-05 seconds
Pennylane (lightning.qubit): 0.013057178439921699 +/- 2.5484985452749346e-05 seconds
Bit Manipulation: 0.00928198879933916 +/- 1.2064717536826148e-05 seconds
C++: 0.0005258737597614527 +/- 2.2240074547828295e-06 seconds
----------------------------------------
Completed 13 qubits.
Pennylane (default.qubit): 0.06578506523976102 +/- 2.8071374576797317e-05 seconds
Pennylane (lightning.qubit): 0.014483824440394527 +/- 2.65695912273624e-05 seconds
Bit Manipulation: 0.018573866080259904 +/- 0.00011225400516064752 seconds
C++: 0.0011043680395232513 +/- 2.035425240620772e-06 seconds
----------------------------------------
Completed 14 qubits.
Pennylane (default.qubit): 0.08152681768056937 +/- 5.026650715054319e-05 seconds
Pennylane (lightning.qubit): 0.016398601639666593 +/- 2.043595519619583e-05 seconds
Bit Manipulation: 0.0383114433195442 +/- 3.124698325055283e-05 seconds
C++: 0.002401742320507765 +/- 8.62586141870688e-06 seconds
----------------------------------------
Completed 15 qubits.
Pennylane (default.qubit): 0.11691152899933513 +/- 0.000132717034115218 seconds
Pennylane (lightning.qubit): 0.019305451760301368 +/- 1.7910373885907846e-05 seconds
Bit Manipulation: 0.0807332042005146 +/- 3.234101465911003e-05 seconds
C++: 0.0050078291195677594 +/- 2.733113922153284e-05 seconds
----------------------------------------
Completed 16 qubits.
Pennylane (default.qubit): 0.21008025755989362 +/- 5.860382722856221e-05 seconds
Pennylane (lightning.qubit): 0.02434721027966589 +/- 7.213213083784969e-05 seconds
Bit Manipulation: 0.1776577508007176 +/- 0.00011710883385025775 seconds
C++: 0.010842129000229761 +/- 7.191617174577832e-05 seconds
----------------------------------------
Completed 17 qubits.
Pennylane (default.qubit): 0.39128940359980335 +/- 0.00023567037049462307 seconds
Pennylane (lightning.qubit): 0.04110184755991213 +/- 0.0001416137989282605 seconds
Bit Manipulation: 0.39422513331985104 +/- 7.36199006000383e-05 seconds
C++: 0.028087807560223155 +/- 6.374219359636074e-05 seconds
----------------------------------------
Completed 18 qubits.
Pennylane (default.qubit): 0.7640189901203849 +/- 0.0008420792805240298 seconds
Pennylane (lightning.qubit): 0.0916267453605542 +/- 0.00012747870946408908 seconds
Bit Manipulation: 0.8476029339589877 +/- 0.0005711071039724079 seconds
C++: 0.07869446668017191 +/- 0.00010255801508282769 seconds
----------------------------------------
Completed 19 qubits.
Pennylane (default.qubit): 1.6159043250395917 +/- 0.0007215198462246253 seconds
Pennylane (lightning.qubit): 0.17750969984044787 +/- 0.00021181910841114906 seconds
Bit Manipulation: 1.7918861958000343 +/- 0.00040172073438040886 seconds
C++: 0.16943869056005495 +/- 0.00036368210315173 seconds
----------------------------------------
Completed 20 qubits.
Pennylane (default.qubit): 3.4270230744389116 +/- 0.00041239663111831417 seconds
Pennylane (lightning.qubit): 0.35075064808013845 +/- 0.00021300140211728708 seconds
Bit Manipulation: 3.786447986479034 +/- 0.0012759463956026527 seconds
C++: 0.3582020263199229 +/- 0.0004538482657843723 seconds
----------------------------------------
